Barotrauma Client crash report (generated on 15/04/2022 17:36:21)


Barotrauma seems to have crashed. Sorry for the inconvenience! 


D89E3FFBF904BB176CF377686FE9DC31


Game version 0.17.10.0 (ReleaseWindows, branch unstable-tests, revision 6eb575ea8)
Graphics mode: 1280x1024 (BorderlessWindowed)
VSync ON
Language: None
Selected content packages: None
Level seed: no level loaded
Loaded submarine: None
Selected screen: None
SteamManager initialized


System info:
    Operating system: Microsoft Windows NT 10.0.19044.0 64 bit
    GPU name: AMD Radeon(TM) Vega 8 Graphics
    Display mode: {Width:1280 Height:1024 Format:Color AspectRatio:1,25}
    GPU status: Normal


Exception: Could not find file 'B:\programming\c#\Barotrauma\Barotrauma\bin\ReleaseWindows\netcoreapp3.1\win-x64\publish\Content\Effects\waterbump.png'. (System.IO.FileNotFoundException)
Target site: Microsoft.Win32.SafeHandles.SafeFileHandle ValidateFileHandle(Microsoft.Win32.SafeHandles.SafeFileHandle)
Stack trace: 
   at System.IO.FileStream.ValidateFileHandle(SafeFileHandle fileHandle)
   at System.IO.FileStream.CreateFileOpenHandle(FileMode mode, FileShare share, FileOptions options)
   at System.IO.FileStream..ctor(String path, FileMode mode, FileAccess access, FileShare share, Int32 bufferSize, FileOptions options)
   at System.IO.FileStream..ctor(String path, FileMode mode, FileAccess access, FileShare share)
   at System.IO.File.Open(String path, FileMode mode, FileAccess access, FileShare share)
   at Barotrauma.IO.File.Open(String path, FileMode mode, FileAccess access, Nullable`1 share) in <DEV>\Barotrauma\BarotraumaShared\SharedSource\Utils\SafeIO.cs:line 366
   at Barotrauma.IO.File.OpenRead(String path) in <DEV>\Barotrauma\BarotraumaShared\SharedSource\Utils\SafeIO.cs:line 371
   at Barotrauma.TextureLoader.FromFile(String path, Boolean compress, Boolean mipmap) in <DEV>\Barotrauma\BarotraumaClient\ClientSource\Utils\TextureLoader.cs:line 193
   at Barotrauma.WaterRenderer..ctor(GraphicsDevice graphicsDevice, ContentManager content) in <DEV>\Barotrauma\BarotraumaClient\ClientSource\Map\Levels\WaterRenderer.cs:line 78
   at Barotrauma.GameMain.LoadContent() in <DEV>\Barotrauma\BarotraumaClient\ClientSource\GameMain.cs:line 400
   at Microsoft.Xna.Framework.Game.Initialize() in <DEV>\Libraries\MonoGame.Framework\Src\MonoGame.Framework\Game.cs:line 553
   at Barotrauma.GameMain.Initialize() in <DEV>\Barotrauma\BarotraumaClient\ClientSource\GameMain.cs:line 371
   at Microsoft.Xna.Framework.Game.DoInitialize() in <DEV>\Libraries\MonoGame.Framework\Src\MonoGame.Framework\Game.cs:line 685
   at Microsoft.Xna.Framework.Game.Run(GameRunBehavior runBehavior) in <DEV>\Libraries\MonoGame.Framework\Src\MonoGame.Framework\Game.cs:line 382
   at Microsoft.Xna.Framework.Game.Run() in <DEV>\Libraries\MonoGame.Framework\Src\MonoGame.Framework\Game.cs:line 368
   at Barotrauma.Program.Main(String[] args) in <DEV>\Barotrauma\BarotraumaClient\ClientSource\Program.cs:line 59


Last debug messages:
[15/04/2022 17:36:18] Logged in as Evil Factory (SteamID STEAM_1:1:53859811)
